#! /usr/bin/vvp
:ivl_version "11.0 (stable)";
:ivl_delay_selection "TYPICAL";
:vpi_time_precision + 0;
:vpi_module "/usr/lib/x86_64-linux-gnu/ivl/system.vpi";
:vpi_module "/usr/lib/x86_64-linux-gnu/ivl/vhdl_sys.vpi";
:vpi_module "/usr/lib/x86_64-linux-gnu/ivl/vhdl_textio.vpi";
:vpi_module "/usr/lib/x86_64-linux-gnu/ivl/v2005_math.vpi";
:vpi_module "/usr/lib/x86_64-linux-gnu/ivl/va_math.vpi";
S_0x55cd14bd9d90 .scope module, "butterfly" "butterfly" 2 1;
 .timescale 0 0;
    .port_info 0 /INPUT 16 "A";
    .port_info 1 /INPUT 16 "B";
    .port_info 2 /INPUT 16 "C";
    .port_info 3 /INPUT 16 "D";
    .port_info 4 /INPUT 8 "W";
    .port_info 5 /OUTPUT 16 "X";
    .port_info 6 /OUTPUT 16 "Y";
o0x7f991016f048 .functor BUFZ 16, C4<zzzzzzzzzzzzzzzz>; HiZ drive
L_0x55cd14c37210 .functor NOT 16, o0x7f991016f048, C4<0000000000000000>, C4<0000000000000000>, C4<0000000000000000>;
o0x7f991016f138 .functor BUFZ 16, C4<zzzzzzzzzzzzzzzz>; HiZ drive
L_0x55cd14c47380 .functor NOT 16, o0x7f991016f138, C4<0000000000000000>, C4<0000000000000000>, C4<0000000000000000>;
o0x7f991016f228 .functor BUFZ 16, C4<zzzzzzzzzzzzzzzz>; HiZ drive
L_0x55cd14c477c0 .functor NOT 16, o0x7f991016f228, C4<0000000000000000>, C4<0000000000000000>, C4<0000000000000000>;
o0x7f991016f318 .functor BUFZ 8, C4<zzzzzzzz>; HiZ drive
L_0x55cd14c47c10 .functor NOT 8, o0x7f991016f318, C4<00000000>, C4<00000000>, C4<00000000>;
o0x7f991016f018 .functor BUFZ 16, C4<zzzzzzzzzzzzzzzz>; HiZ drive
v0x55cd14bda000_0 .net/s "A", 15 0, o0x7f991016f018;  0 drivers
v0x55cd14c34ea0_0 .net/s "B", 15 0, o0x7f991016f048;  0 drivers
v0x55cd14c34f80_0 .var "BW", 23 0;
v0x55cd14c35040_0 .var "BW_2", 23 0;
v0x55cd14c35120_0 .var "BW_o", 15 0;
v0x55cd14c35250_0 .net "B_stored", 15 0, L_0x55cd14c474c0;  1 drivers
v0x55cd14c35330_0 .net/s "C", 15 0, o0x7f991016f138;  0 drivers
v0x55cd14c35410_0 .var "CW", 23 0;
v0x55cd14c354f0_0 .var "CW_2", 23 0;
v0x55cd14c355d0_0 .var "CW_o", 15 0;
v0x55cd14c356b0_0 .net "C_stored", 15 0, L_0x55cd14c47900;  1 drivers
v0x55cd14c35790_0 .net/s "D", 15 0, o0x7f991016f228;  0 drivers
v0x55cd14c35870_0 .var "DW", 23 0;
v0x55cd14c35950_0 .var "DW_2", 23 0;
v0x55cd14c35a30_0 .var "DW_o", 15 0;
v0x55cd14c35b10_0 .net "D_stored", 15 0, L_0x55cd14c47da0;  1 drivers
v0x55cd14c35bf0_0 .net/s "W", 7 0, o0x7f991016f318;  0 drivers
v0x55cd14c35de0_0 .net "W_stored", 7 0, L_0x55cd14c481f0;  1 drivers
o0x7f991016f378 .functor BUFZ 16, C4<zzzzzzzzzzzzzzzz>; HiZ drive
v0x55cd14c35ec0_0 .net/s "X", 15 0, o0x7f991016f378;  0 drivers
o0x7f991016f3a8 .functor BUFZ 16, C4<zzzzzzzzzzzzzzzz>; HiZ drive
v0x55cd14c35fa0_0 .net/s "Y", 15 0, o0x7f991016f3a8;  0 drivers
v0x55cd14c36080_0 .net *"_ivl_1", 0 0, L_0x55cd14c37170;  1 drivers
v0x55cd14c36160_0 .net *"_ivl_11", 0 0, L_0x55cd14c47600;  1 drivers
v0x55cd14c36240_0 .net *"_ivl_12", 15 0, L_0x55cd14c47380;  1 drivers
L_0x7f9910126060 .functor BUFT 1, C4<0000000000000001>, C4<0>, C4<0>, C4<0>;
v0x55cd14c36320_0 .net/2u *"_ivl_14", 15 0, L_0x7f9910126060;  1 drivers
v0x55cd14c36400_0 .net *"_ivl_16", 15 0, L_0x55cd14c47720;  1 drivers
v0x55cd14c364e0_0 .net *"_ivl_2", 15 0, L_0x55cd14c37210;  1 drivers
v0x55cd14c365c0_0 .net *"_ivl_21", 0 0, L_0x55cd14c47a80;  1 drivers
v0x55cd14c366a0_0 .net *"_ivl_22", 15 0, L_0x55cd14c477c0;  1 drivers
L_0x7f99101260a8 .functor BUFT 1, C4<0000000000000001>, C4<0>, C4<0>, C4<0>;
v0x55cd14c36780_0 .net/2u *"_ivl_24", 15 0, L_0x7f99101260a8;  1 drivers
v0x55cd14c36860_0 .net *"_ivl_26", 15 0, L_0x55cd14c47b70;  1 drivers
v0x55cd14c36940_0 .net *"_ivl_31", 0 0, L_0x55cd14c47ee0;  1 drivers
v0x55cd14c36a20_0 .net *"_ivl_32", 7 0, L_0x55cd14c47c10;  1 drivers
L_0x7f99101260f0 .functor BUFT 1, C4<00000001>, C4<0>, C4<0>, C4<0>;
v0x55cd14c36b00_0 .net/2u *"_ivl_34", 7 0, L_0x7f99101260f0;  1 drivers
v0x55cd14c36df0_0 .net *"_ivl_36", 7 0, L_0x55cd14c48010;  1 drivers
L_0x7f9910126018 .functor BUFT 1, C4<0000000000000001>, C4<0>, C4<0>, C4<0>;
v0x55cd14c36ed0_0 .net/2u *"_ivl_4", 15 0, L_0x7f9910126018;  1 drivers
v0x55cd14c36fb0_0 .net *"_ivl_6", 15 0, L_0x55cd14c472e0;  1 drivers
E_0x55cd14c137f0 .event edge, v0x55cd14c35790_0, v0x55cd14c35330_0, v0x55cd14c34ea0_0, v0x55cd14bda000_0;
L_0x55cd14c37170 .part o0x7f991016f048, 15, 1;
L_0x55cd14c472e0 .arith/sum 16, L_0x55cd14c37210, L_0x7f9910126018;
L_0x55cd14c474c0 .functor MUXZ 16, o0x7f991016f048, L_0x55cd14c472e0, L_0x55cd14c37170, C4<>;
L_0x55cd14c47600 .part o0x7f991016f138, 15, 1;
L_0x55cd14c47720 .arith/sum 16, L_0x55cd14c47380, L_0x7f9910126060;
L_0x55cd14c47900 .functor MUXZ 16, o0x7f991016f138, L_0x55cd14c47720, L_0x55cd14c47600, C4<>;
L_0x55cd14c47a80 .part o0x7f991016f228, 15, 1;
L_0x55cd14c47b70 .arith/sum 16, L_0x55cd14c477c0, L_0x7f99101260a8;
L_0x55cd14c47da0 .functor MUXZ 16, o0x7f991016f228, L_0x55cd14c47b70, L_0x55cd14c47a80, C4<>;
L_0x55cd14c47ee0 .part o0x7f991016f318, 7, 1;
L_0x55cd14c48010 .arith/sum 8, L_0x55cd14c47c10, L_0x7f99101260f0;
L_0x55cd14c481f0 .functor MUXZ 8, o0x7f991016f318, L_0x55cd14c48010, L_0x55cd14c47ee0, C4<>;
    .scope S_0x55cd14bd9d90;
T_0 ;
    %wait E_0x55cd14c137f0;
    %load/vec4 v0x55cd14c34ea0_0;
    %parti/s 1, 15, 5;
    %load/vec4 v0x55cd14c35bf0_0;
    %parti/s 1, 7, 4;
    %add;
    %flag_set/vec4 8;
    %jmp/0xz  T_0.0, 8;
    %load/vec4 v0x55cd14c34ea0_0;
    %pad/s 24;
    %load/vec4 v0x55cd14c35bf0_0;
    %pad/s 24;
    %mul;
    %store/vec4 v0x55cd14c34f80_0, 0, 24;
    %load/vec4 v0x55cd14c34f80_0;
    %inv;
    %addi 1, 0, 24;
    %store/vec4 v0x55cd14c35040_0, 0, 24;
    %load/vec4 v0x55cd14c34f80_0;
    %parti/s 9, 15, 5;
    %load/vec4 v0x55cd14c34f80_0;
    %parti/s 8, 7, 4;
    %concat/vec4; draw_concat_vec4
    %pad/u 16;
    %store/vec4 v0x55cd14c35120_0, 0, 16;
    %jmp T_0.1;
T_0.0 ;
    %load/vec4 v0x55cd14c34ea0_0;
    %pad/s 24;
    %load/vec4 v0x55cd14c35bf0_0;
    %pad/s 24;
    %mul;
    %store/vec4 v0x55cd14c34f80_0, 0, 24;
    %load/vec4 v0x55cd14c34f80_0;
    %parti/s 9, 15, 5;
    %load/vec4 v0x55cd14c34f80_0;
    %parti/s 8, 7, 4;
    %concat/vec4; draw_concat_vec4
    %pad/u 16;
    %store/vec4 v0x55cd14c35120_0, 0, 16;
T_0.1 ;
    %load/vec4 v0x55cd14c35330_0;
    %parti/s 1, 15, 5;
    %load/vec4 v0x55cd14c35bf0_0;
    %parti/s 1, 7, 4;
    %add;
    %flag_set/vec4 8;
    %jmp/0xz  T_0.2, 8;
    %load/vec4 v0x55cd14c35330_0;
    %pad/s 24;
    %load/vec4 v0x55cd14c35bf0_0;
    %pad/s 24;
    %mul;
    %store/vec4 v0x55cd14c35410_0, 0, 24;
    %load/vec4 v0x55cd14c35410_0;
    %inv;
    %addi 1, 0, 24;
    %store/vec4 v0x55cd14c354f0_0, 0, 24;
    %load/vec4 v0x55cd14c35410_0;
    %parti/s 9, 15, 5;
    %load/vec4 v0x55cd14c35410_0;
    %parti/s 8, 7, 4;
    %concat/vec4; draw_concat_vec4
    %pad/u 16;
    %store/vec4 v0x55cd14c355d0_0, 0, 16;
    %jmp T_0.3;
T_0.2 ;
    %load/vec4 v0x55cd14c35330_0;
    %pad/s 24;
    %load/vec4 v0x55cd14c35bf0_0;
    %pad/s 24;
    %mul;
    %store/vec4 v0x55cd14c35410_0, 0, 24;
    %load/vec4 v0x55cd14c35410_0;
    %parti/s 9, 15, 5;
    %load/vec4 v0x55cd14c35410_0;
    %parti/s 8, 7, 4;
    %concat/vec4; draw_concat_vec4
    %pad/u 16;
    %store/vec4 v0x55cd14c355d0_0, 0, 16;
T_0.3 ;
    %load/vec4 v0x55cd14c35790_0;
    %parti/s 1, 15, 5;
    %load/vec4 v0x55cd14c35bf0_0;
    %parti/s 1, 7, 4;
    %add;
    %flag_set/vec4 8;
    %jmp/0xz  T_0.4, 8;
    %load/vec4 v0x55cd14c35790_0;
    %pad/s 24;
    %load/vec4 v0x55cd14c35bf0_0;
    %pad/s 24;
    %mul;
    %store/vec4 v0x55cd14c35870_0, 0, 24;
    %load/vec4 v0x55cd14c35870_0;
    %inv;
    %addi 1, 0, 24;
    %store/vec4 v0x55cd14c35950_0, 0, 24;
    %load/vec4 v0x55cd14c35870_0;
    %parti/s 9, 15, 5;
    %load/vec4 v0x55cd14c35870_0;
    %parti/s 8, 7, 4;
    %concat/vec4; draw_concat_vec4
    %pad/u 16;
    %store/vec4 v0x55cd14c35a30_0, 0, 16;
    %jmp T_0.5;
T_0.4 ;
    %load/vec4 v0x55cd14c35790_0;
    %pad/s 24;
    %load/vec4 v0x55cd14c35bf0_0;
    %pad/s 24;
    %mul;
    %store/vec4 v0x55cd14c35870_0, 0, 24;
    %load/vec4 v0x55cd14c35870_0;
    %parti/s 9, 15, 5;
    %load/vec4 v0x55cd14c35870_0;
    %parti/s 8, 7, 4;
    %concat/vec4; draw_concat_vec4
    %pad/u 16;
    %store/vec4 v0x55cd14c35a30_0, 0, 16;
T_0.5 ;
    %jmp T_0;
    .thread T_0, $push;
# The file index is used to find the file name in the following table.
:file_names 3;
    "N/A";
    "<interactive>";
    "butterfly.v";
